# JRE version: OpenJDK Runtime Environment Zulu14.29+23-CA (14.0.2+12) (build 14.0.2+12)
# Java VM: OpenJDK 64-Bit Server VM Zulu14.29+23-CA (14.0.2+12, mixed mode, tiered, compressed oops, g1 gc, linux-amd64)
Heap:
 garbage-first heap   total 121856K, used 83326K [0x00000000e0000000, 0x0000000100000000)
  region size 1024K, 24 young (24576K), 2 survivors (2048K)
 Metaspace       used 53398K, capacity 55219K, committed 55296K, reserved 1097728K
  class space    used 6949K, capacity 7662K, committed 7680K, reserved 1048576K
GC Heap History (20 events):
Event: 3.453 GC heap before
{Heap before GC invocations=20 (full 0):
 garbage-first heap   total 32768K, used 18760K [0x00000000e0000000, 0x0000000100000000)
  region size 1024K, 2 young (2048K), 1 survivors (1024K)
 Metaspace       used 43900K, capacity 45257K, committed 45568K, reserved 1089536K
  class space    used 5796K, capacity 6348K, committed 6400K, reserved 1048576K
}
Event: 3.454 GC heap after
{Heap after GC invocations=21 (full 0):
 garbage-first heap   total 32768K, used 19043K [0x00000000e0000000, 0x0000000100000000)
  region size 1024K, 1 young (1024K), 1 survivors (1024K)
 Metaspace       used 43900K, capacity 45257K, committed 45568K, reserved 1089536K
  class space    used 5796K, capacity 6348K, committed 6400K, reserved 1048576K
}
Event: 3.585 GC heap before
{Heap before GC invocations=22 (full 0):
 garbage-first heap   total 39936K, used 26211K [0x00000000e0000000, 0x0000000100000000)
  region size 1024K, 6 young (6144K), 1 survivors (1024K)
 Metaspace       used 44199K, capacity 45549K, committed 45824K, reserved 1089536K
  class space    used 5818K, capacity 6357K, committed 6400K, reserved 1048576K
}
Event: 3.587 GC heap after
{Heap after GC invocations=23 (full 0):
 garbage-first heap   total 39936K, used 19530K [0x00000000e0000000, 0x0000000100000000)
  region size 1024K, 1 young (1024K), 1 survivors (1024K)
 Metaspace       used 44199K, capacity 45549K, committed 45824K, reserved 1089536K
  class space    used 5818K, capacity 6357K, committed 6400K, reserved 1048576K
}
Event: 3.730 GC heap before
{Heap before GC invocations=23 (full 0):
 garbage-first heap   total 39936K, used 30794K [0x00000000e0000000, 0x0000000100000000)
  region size 1024K, 12 young (12288K), 1 survivors (1024K)
 Metaspace       used 44454K, capacity 45809K, committed 46080K, reserved 1089536K
  class space    used 5818K, capacity 6357K, committed 6400K, reserved 1048576K
}
Event: 3.732 GC heap after
{Heap after GC invocations=24 (full 0):
 garbage-first heap   total 148480K, used 21125K [0x00000000e0000000, 0x0000000100000000)
  region size 1024K, 2 young (2048K), 2 survivors (2048K)
 Metaspace       used 44454K, capacity 45809K, committed 46080K, reserved 1089536K
  class space    used 5818K, capacity 6357K, committed 6400K, reserved 1048576K
}
Event: 13.905 GC heap before
{Heap before GC invocations=25 (full 0):
 garbage-first heap   total 78848K, used 69253K [0x00000000e0000000, 0x0000000100000000)
  region size 1024K, 46 young (47104K), 2 survivors (2048K)
 Metaspace       used 49949K, capacity 51554K, committed 51712K, reserved 1093632K
  class space    used 6461K, capacity 7063K, committed 7168K, reserved 1048576K
}
Event: 13.910 GC heap after
{Heap after GC invocations=26 (full 0):
 garbage-first heap   total 78848K, used 26710K [0x00000000e0000000, 0x0000000100000000)
  region size 1024K, 6 young (6144K), 6 survivors (6144K)
 Metaspace       used 49949K, capacity 51554K, committed 51712K, reserved 1093632K
  class space    used 6461K, capacity 7063K, committed 7168K, reserved 1048576K
}
Event: 20.660 GC heap before
{Heap before GC invocations=26 (full 0):
 garbage-first heap   total 78848K, used 41046K [0x00000000e0000000, 0x0000000100000000)
  region size 1024K, 19 young (19456K), 6 survivors (6144K)
 Metaspace       used 51615K, capacity 53244K, committed 53504K, reserved 1095680K
  class space    used 6706K, capacity 7346K, committed 7424K, reserved 1048576K
}
Event: 20.663 GC heap after
{Heap after GC invocations=27 (full 0):
 garbage-first heap   total 78848K, used 28423K [0x00000000e0000000, 0x0000000100000000)
  region size 1024K, 2 young (2048K), 2 survivors (2048K)
 Metaspace       used 51615K, capacity 53244K, committed 53504K, reserved 1095680K
  class space    used 6706K, capacity 7346K, committed 7424K, reserved 1048576K
}
Event: 20.745 GC heap before
{Heap before GC invocations=28 (full 0):
 garbage-first heap   total 112640K, used 89863K [0x00000000e0000000, 0x0000000100000000)
  region size 1024K, 29 young (29696K), 2 survivors (2048K)
 Metaspace       used 51774K, capacity 53437K, committed 53760K, reserved 1095680K
  class space    used 6706K, capacity 7346K, committed 7424K, reserved 1048576K
}
Event: 20.747 GC heap after
{Heap after GC invocations=29 (full 0):
 garbage-first heap   total 112640K, used 61817K [0x00000000e0000000, 0x0000000100000000)
  region size 1024K, 2 young (2048K), 2 survivors (2048K)
 Metaspace       used 51774K, capacity 53437K, committed 53760K, reserved 1095680K
  class space    used 6706K, capacity 7346K, committed 7424K, reserved 1048576K
}
Event: 20.786 GC heap before
{Heap before GC invocations=29 (full 0):
 garbage-first heap   total 112640K, used 89465K [0x00000000e0000000, 0x0000000100000000)
  region size 1024K, 29 young (29696K), 2 survivors (2048K)
 Metaspace       used 51823K, capacity 53437K, committed 53760K, reserved 1095680K
  class space    used 6706K, capacity 7346K, committed 7424K, reserved 1048576K
}
Event: 20.789 GC heap after
{Heap after GC invocations=30 (full 0):
 garbage-first heap   total 112640K, used 61775K [0x00000000e0000000, 0x0000000100000000)
  region size 1024K, 2 young (2048K), 2 survivors (2048K)
 Metaspace       used 51823K, capacity 53437K, committed 53760K, reserved 1095680K
  class space    used 6706K, capacity 7346K, committed 7424K, reserved 1048576K
}
Event: 20.848 GC heap before
{Heap before GC invocations=31 (full 0):
 garbage-first heap   total 121856K, used 90447K [0x00000000e0000000, 0x0000000100000000)
  region size 1024K, 30 young (30720K), 2 survivors (2048K)
 Metaspace       used 51845K, capacity 53499K, committed 53760K, reserved 1095680K
  class space    used 6707K, capacity 7345K, committed 7424K, reserved 1048576K
}
Event: 20.850 GC heap after
{Heap after GC invocations=32 (full 0):
 garbage-first heap   total 121856K, used 61880K [0x00000000e0000000, 0x0000000100000000)
  region size 1024K, 2 young (2048K), 2 survivors (2048K)
 Metaspace       used 51845K, capacity 53499K, committed 53760K, reserved 1095680K
  class space    used 6707K, capacity 7345K, committed 7424K, reserved 1048576K
}
Event: 20.911 GC heap before
{Heap before GC invocations=32 (full 0):
 garbage-first heap   total 121856K, used 98744K [0x00000000e0000000, 0x0000000100000000)
  region size 1024K, 38 young (38912K), 2 survivors (2048K)
 Metaspace       used 51902K, capacity 53563K, committed 53760K, reserved 1095680K
  class space    used 6707K, capacity 7345K, committed 7424K, reserved 1048576K
}
Event: 20.913 GC heap after
{Heap after GC invocations=33 (full 0):
 garbage-first heap   total 121856K, used 61866K [0x00000000e0000000, 0x0000000100000000)
  region size 1024K, 2 young (2048K), 2 survivors (2048K)
 Metaspace       used 51902K, capacity 53563K, committed 53760K, reserved 1095680K
  class space    used 6707K, capacity 7345K, committed 7424K, reserved 1048576K
}
Event: 20.981 GC heap before
{Heap before GC invocations=34 (full 0):
 garbage-first heap   total 121856K, used 100778K [0x00000000e0000000, 0x0000000100000000)
  region size 1024K, 40 young (40960K), 2 survivors (2048K)
 Metaspace       used 51933K, capacity 53563K, committed 53760K, reserved 1095680K
  class space    used 6707K, capacity 7345K, committed 7424K, reserved 1048576K
}
Event: 20.984 GC heap after
{Heap after GC invocations=35 (full 0):
 garbage-first heap   total 121856K, used 61822K [0x00000000e0000000, 0x0000000100000000)
  region size 1024K, 2 young (2048K), 2 survivors (2048K)
 Metaspace       used 51933K, capacity 53563K, committed 53760K, reserved 1095680K
  class space    used 6707K, capacity 7345K, committed 7424K, reserved 1048576K
}

