# JRE version: OpenJDK Runtime Environment Zulu14.29+23-CA (14.0.2+12) (build 14.0.2+12)
# Java VM: OpenJDK 64-Bit Server VM Zulu14.29+23-CA (14.0.2+12, mixed mode, tiered, compressed oops, g1 gc, linux-amd64)
Heap:
 garbage-first heap   total 156672K, used 116742K [0x00000000e0000000, 0x0000000100000000)
  region size 1024K, 46 young (47104K), 4 survivors (4096K)
 Metaspace       used 54973K, capacity 56908K, committed 57084K, reserved 1097728K
  class space    used 7152K, capacity 7901K, committed 7932K, reserved 1048576K
GC Heap History (20 events):
Event: 93.793 GC heap before
{Heap before GC invocations=21 (full 0):
 garbage-first heap   total 144384K, used 134655K [0x00000000e0000000, 0x0000000100000000)
  region size 1024K, 73 young (74752K), 11 survivors (11264K)
 Metaspace       used 51998K, capacity 53672K, committed 53756K, reserved 1095680K
  class space    used 6741K, capacity 7381K, committed 7420K, reserved 1048576K
}
Event: 93.804 GC heap after
{Heap after GC invocations=22 (full 0):
 garbage-first heap   total 149504K, used 74211K [0x00000000e0000000, 0x0000000100000000)
  region size 1024K, 3 young (3072K), 3 survivors (3072K)
 Metaspace       used 51998K, capacity 53672K, committed 53756K, reserved 1095680K
  class space    used 6741K, capacity 7381K, committed 7420K, reserved 1048576K
}
Event: 93.891 GC heap before
{Heap before GC invocations=22 (full 0):
 garbage-first heap   total 149504K, used 119267K [0x00000000e0000000, 0x0000000100000000)
  region size 1024K, 47 young (48128K), 3 survivors (3072K)
 Metaspace       used 52078K, capacity 53737K, committed 54012K, reserved 1095680K
  class space    used 6741K, capacity 7381K, committed 7420K, reserved 1048576K
}
Event: 93.893 GC heap after
{Heap after GC invocations=23 (full 0):
 garbage-first heap   total 149504K, used 73829K [0x00000000e0000000, 0x0000000100000000)
  region size 1024K, 3 young (3072K), 3 survivors (3072K)
 Metaspace       used 52078K, capacity 53737K, committed 54012K, reserved 1095680K
  class space    used 6741K, capacity 7381K, committed 7420K, reserved 1048576K
}
Event: 93.973 GC heap before
{Heap before GC invocations=24 (full 0):
 garbage-first heap   total 149504K, used 121957K [0x00000000e0000000, 0x0000000100000000)
  region size 1024K, 50 young (51200K), 3 survivors (3072K)
 Metaspace       used 52095K, capacity 53737K, committed 54012K, reserved 1095680K
  class space    used 6741K, capacity 7381K, committed 7420K, reserved 1048576K
}
Event: 93.976 GC heap after
{Heap after GC invocations=25 (full 0):
 garbage-first heap   total 149504K, used 73818K [0x00000000e0000000, 0x0000000100000000)
  region size 1024K, 3 young (3072K), 3 survivors (3072K)
 Metaspace       used 52095K, capacity 53737K, committed 54012K, reserved 1095680K
  class space    used 6741K, capacity 7381K, committed 7420K, reserved 1048576K
}
Event: 94.039 GC heap before
{Heap before GC invocations=25 (full 0):
 garbage-first heap   total 149504K, used 102490K [0x00000000e0000000, 0x0000000100000000)
  region size 1024K, 32 young (32768K), 3 survivors (3072K)
 Metaspace       used 52491K, capacity 54130K, committed 54396K, reserved 1095680K
  class space    used 6803K, capacity 7448K, committed 7548K, reserved 1048576K
}
Event: 94.042 GC heap after
{Heap after GC invocations=26 (full 0):
 garbage-first heap   total 149504K, used 39951K [0x00000000e0000000, 0x0000000100000000)
  region size 1024K, 3 young (3072K), 3 survivors (3072K)
 Metaspace       used 52491K, capacity 54130K, committed 54396K, reserved 1095680K
  class space    used 6803K, capacity 7448K, committed 7548K, reserved 1048576K
}
Event: 94.144 GC heap before
{Heap before GC invocations=27 (full 0):
 garbage-first heap   total 158720K, used 150543K [0x00000000e0000000, 0x0000000100000000)
  region size 1024K, 78 young (79872K), 3 survivors (3072K)
 Metaspace       used 52522K, capacity 54194K, committed 54396K, reserved 1095680K
  class space    used 6803K, capacity 7448K, committed 7548K, reserved 1048576K
}
Event: 94.147 GC heap after
{Heap after GC invocations=28 (full 0):
 garbage-first heap   total 158720K, used 73778K [0x00000000e0000000, 0x0000000100000000)
  region size 1024K, 3 young (3072K), 3 survivors (3072K)
 Metaspace       used 52522K, capacity 54194K, committed 54396K, reserved 1095680K
  class space    used 6803K, capacity 7448K, committed 7548K, reserved 1048576K
}
Event: 94.222 GC heap before
{Heap before GC invocations=28 (full 0):
 garbage-first heap   total 158720K, used 134194K [0x00000000e0000000, 0x0000000100000000)
  region size 1024K, 62 young (63488K), 3 survivors (3072K)
 Metaspace       used 52563K, capacity 54258K, committed 54396K, reserved 1095680K
  class space    used 6805K, capacity 7448K, committed 7548K, reserved 1048576K
}
Event: 94.224 GC heap after
{Heap after GC invocations=29 (full 0):
 garbage-first heap   total 158720K, used 73700K [0x00000000e0000000, 0x0000000100000000)
  region size 1024K, 3 young (3072K), 3 survivors (3072K)
 Metaspace       used 52563K, capacity 54258K, committed 54396K, reserved 1095680K
  class space    used 6805K, capacity 7448K, committed 7548K, reserved 1048576K
}
Event: 97.071 GC heap before
{Heap before GC invocations=30 (full 0):
 garbage-first heap   total 158720K, used 117732K [0x00000000e0000000, 0x0000000100000000)
  region size 1024K, 47 young (48128K), 3 survivors (3072K)
 Metaspace       used 53894K, capacity 55573K, committed 55804K, reserved 1097728K
  class space    used 6987K, capacity 7653K, committed 7676K, reserved 1048576K
}
Event: 97.074 GC heap after
{Heap after GC invocations=31 (full 0):
 garbage-first heap   total 158720K, used 41012K [0x00000000e0000000, 0x0000000100000000)
  region size 1024K, 4 young (4096K), 4 survivors (4096K)
 Metaspace       used 53894K, capacity 55573K, committed 55804K, reserved 1097728K
  class space    used 6987K, capacity 7653K, committed 7676K, reserved 1048576K
}
Event: 100.622 GC heap before
{Heap before GC invocations=32 (full 0):
 garbage-first heap   total 150528K, used 46132K [0x00000000e0000000, 0x0000000100000000)
  region size 1024K, 8 young (8192K), 4 survivors (4096K)
 Metaspace       used 53920K, capacity 55640K, committed 55804K, reserved 1097728K
  class space    used 6988K, capacity 7654K, committed 7676K, reserved 1048576K
}
Event: 100.626 GC heap after
{Heap after GC invocations=33 (full 0):
 garbage-first heap   total 150528K, used 40946K [0x00000000e0000000, 0x0000000100000000)
  region size 1024K, 4 young (4096K), 4 survivors (4096K)
 Metaspace       used 53920K, capacity 55640K, committed 55804K, reserved 1097728K
  class space    used 6988K, capacity 7654K, committed 7676K, reserved 1048576K
}
Event: 100.753 GC heap before
{Heap before GC invocations=34 (full 0):
 garbage-first heap   total 152576K, used 151538K [0x00000000e0000000, 0x0000000100000000)
  region size 1024K, 79 young (80896K), 4 survivors (4096K)
 Metaspace       used 53945K, capacity 55640K, committed 55804K, reserved 1097728K
  class space    used 6988K, capacity 7654K, committed 7676K, reserved 1048576K
}
Event: 100.758 GC heap after
{Heap after GC invocations=35 (full 0):
 garbage-first heap   total 156672K, used 75029K [0x00000000e0000000, 0x0000000100000000)
  region size 1024K, 4 young (4096K), 4 survivors (4096K)
 Metaspace       used 53945K, capacity 55640K, committed 55804K, reserved 1097728K
  class space    used 6988K, capacity 7654K, committed 7676K, reserved 1048576K
}
Event: 100.849 GC heap before
{Heap before GC invocations=35 (full 0):
 garbage-first heap   total 156672K, used 135445K [0x00000000e0000000, 0x0000000100000000)
  region size 1024K, 63 young (64512K), 4 survivors (4096K)
 Metaspace       used 53987K, capacity 55704K, committed 55804K, reserved 1097728K
  class space    used 6990K, capacity 7654K, committed 7676K, reserved 1048576K
}
Event: 100.854 GC heap after
{Heap after GC invocations=36 (full 0):
 garbage-first heap   total 156672K, used 74758K [0x00000000e0000000, 0x0000000100000000)
  region size 1024K, 4 young (4096K), 4 survivors (4096K)
 Metaspace       used 53987K, capacity 55704K, committed 55804K, reserved 1097728K
  class space    used 6990K, capacity 7654K, committed 7676K, reserved 1048576K
}

