# JRE version: OpenJDK Runtime Environment Zulu14.29+23-CA (14.0.2+12) (build 14.0.2+12)
# Java VM: OpenJDK 64-Bit Server VM Zulu14.29+23-CA (14.0.2+12, mixed mode, tiered, compressed oops, g1 gc, linux-amd64)
Heap:
 garbage-first heap   total 130048K, used 104289K [0x00000000e0000000, 0x0000000100000000)
  region size 1024K, 44 young (45056K), 1 survivors (1024K)
 Metaspace       used 53056K, capacity 54885K, committed 55040K, reserved 1097728K
  class space    used 6917K, capacity 7617K, committed 7680K, reserved 1048576K
GC Heap History (20 events):
Event: 3.128 GC heap before
{Heap before GC invocations=16 (full 0):
 garbage-first heap   total 32768K, used 20076K [0x00000000e0000000, 0x0000000100000000)
  region size 1024K, 4 young (4096K), 1 survivors (1024K)
 Metaspace       used 41327K, capacity 42200K, committed 42368K, reserved 1085440K
  class space    used 5388K, capacity 5732K, committed 5760K, reserved 1048576K
}
Event: 3.129 GC heap after
{Heap after GC invocations=17 (full 0):
 garbage-first heap   total 32768K, used 17202K [0x00000000e0000000, 0x0000000100000000)
  region size 1024K, 1 young (1024K), 1 survivors (1024K)
 Metaspace       used 41327K, capacity 42200K, committed 42368K, reserved 1085440K
  class space    used 5388K, capacity 5732K, committed 5760K, reserved 1048576K
}
Event: 3.273 GC heap before
{Heap before GC invocations=17 (full 0):
 garbage-first heap   total 32768K, used 24370K [0x00000000e0000000, 0x0000000100000000)
  region size 1024K, 8 young (8192K), 1 survivors (1024K)
 Metaspace       used 42884K, capacity 44061K, committed 44416K, reserved 1087488K
  class space    used 5680K, capacity 6163K, committed 6272K, reserved 1048576K
}
Event: 3.275 GC heap after
{Heap after GC invocations=18 (full 0):
 garbage-first heap   total 32768K, used 18024K [0x00000000e0000000, 0x0000000100000000)
  region size 1024K, 1 young (1024K), 1 survivors (1024K)
 Metaspace       used 42884K, capacity 44061K, committed 44416K, reserved 1087488K
  class space    used 5680K, capacity 6163K, committed 6272K, reserved 1048576K
}
Event: 3.411 GC heap before
{Heap before GC invocations=19 (full 0):
 garbage-first heap   total 32768K, used 25192K [0x00000000e0000000, 0x0000000100000000)
  region size 1024K, 8 young (8192K), 1 survivors (1024K)
 Metaspace       used 43669K, capacity 45005K, committed 45312K, reserved 1087488K
  class space    used 5769K, capacity 6307K, committed 6400K, reserved 1048576K
}
Event: 3.413 GC heap after
{Heap after GC invocations=20 (full 0):
 garbage-first heap   total 32768K, used 19046K [0x00000000e0000000, 0x0000000100000000)
  region size 1024K, 1 young (1024K), 1 survivors (1024K)
 Metaspace       used 43669K, capacity 45005K, committed 45312K, reserved 1087488K
  class space    used 5769K, capacity 6307K, committed 6400K, reserved 1048576K
}
Event: 3.430 GC heap before
{Heap before GC invocations=20 (full 0):
 garbage-first heap   total 32768K, used 19046K [0x00000000e0000000, 0x0000000100000000)
  region size 1024K, 2 young (2048K), 1 survivors (1024K)
 Metaspace       used 43826K, capacity 45188K, committed 45312K, reserved 1087488K
  class space    used 5796K, capacity 6348K, committed 6400K, reserved 1048576K
}
Event: 3.431 GC heap after
{Heap after GC invocations=21 (full 0):
 garbage-first heap   total 144384K, used 19360K [0x00000000e0000000, 0x0000000100000000)
  region size 1024K, 1 young (1024K), 1 survivors (1024K)
 Metaspace       used 43826K, capacity 45188K, committed 45312K, reserved 1087488K
  class space    used 5796K, capacity 6348K, committed 6400K, reserved 1048576K
}
Event: 8.021 GC heap before
{Heap before GC invocations=22 (full 0):
 garbage-first heap   total 78848K, used 77728K [0x00000000e0000000, 0x0000000100000000)
  region size 1024K, 52 young (53248K), 1 survivors (1024K)
 Metaspace       used 48448K, capacity 49885K, committed 50176K, reserved 1093632K
  class space    used 6279K, capacity 6870K, committed 6912K, reserved 1048576K
}
Event: 8.026 GC heap after
{Heap after GC invocations=23 (full 0):
 garbage-first heap   total 84992K, used 26552K [0x00000000e0000000, 0x0000000100000000)
  region size 1024K, 6 young (6144K), 6 survivors (6144K)
 Metaspace       used 48448K, capacity 49885K, committed 50176K, reserved 1093632K
  class space    used 6279K, capacity 6870K, committed 6912K, reserved 1048576K
}
Event: 8.272 GC heap before
{Heap before GC invocations=23 (full 0):
 garbage-first heap   total 84992K, used 37816K [0x00000000e0000000, 0x0000000100000000)
  region size 1024K, 19 young (19456K), 6 survivors (6144K)
 Metaspace       used 50881K, capacity 52486K, committed 52608K, reserved 1095680K
  class space    used 6644K, capacity 7287K, committed 7296K, reserved 1048576K
}
Event: 8.277 GC heap after
{Heap after GC invocations=24 (full 0):
 garbage-first heap   total 84992K, used 27682K [0x00000000e0000000, 0x0000000100000000)
  region size 1024K, 2 young (2048K), 2 survivors (2048K)
 Metaspace       used 50881K, capacity 52486K, committed 52608K, reserved 1095680K
  class space    used 6644K, capacity 7287K, committed 7296K, reserved 1048576K
}
Event: 8.365 GC heap before
{Heap before GC invocations=25 (full 0):
 garbage-first heap   total 109568K, used 94242K [0x00000000e0000000, 0x0000000100000000)
  region size 1024K, 34 young (34816K), 2 survivors (2048K)
 Metaspace       used 51391K, capacity 52970K, committed 53248K, reserved 1095680K
  class space    used 6677K, capacity 7300K, committed 7424K, reserved 1048576K
}
Event: 8.367 GC heap after
{Heap after GC invocations=26 (full 0):
 garbage-first heap   total 109568K, used 61283K [0x00000000e0000000, 0x0000000100000000)
  region size 1024K, 1 young (1024K), 1 survivors (1024K)
 Metaspace       used 51391K, capacity 52970K, committed 53248K, reserved 1095680K
  class space    used 6677K, capacity 7300K, committed 7424K, reserved 1048576K
}
Event: 8.402 GC heap before
{Heap before GC invocations=26 (full 0):
 garbage-first heap   total 109568K, used 89955K [0x00000000e0000000, 0x0000000100000000)
  region size 1024K, 29 young (29696K), 1 survivors (1024K)
 Metaspace       used 51453K, capacity 53034K, committed 53248K, reserved 1095680K
  class space    used 6677K, capacity 7300K, committed 7424K, reserved 1048576K
}
Event: 8.404 GC heap after
{Heap after GC invocations=27 (full 0):
 garbage-first heap   total 109568K, used 61234K [0x00000000e0000000, 0x0000000100000000)
  region size 1024K, 1 young (1024K), 1 survivors (1024K)
 Metaspace       used 51453K, capacity 53034K, committed 53248K, reserved 1095680K
  class space    used 6677K, capacity 7300K, committed 7424K, reserved 1048576K
}
Event: 8.454 GC heap before
{Heap before GC invocations=28 (full 0):
 garbage-first heap   total 130048K, used 91954K [0x00000000e0000000, 0x0000000100000000)
  region size 1024K, 31 young (31744K), 1 survivors (1024K)
 Metaspace       used 51506K, capacity 53099K, committed 53504K, reserved 1095680K
  class space    used 6677K, capacity 7300K, committed 7424K, reserved 1048576K
}
Event: 8.456 GC heap after
{Heap after GC invocations=29 (full 0):
 garbage-first heap   total 130048K, used 61287K [0x00000000e0000000, 0x0000000100000000)
  region size 1024K, 1 young (1024K), 1 survivors (1024K)
 Metaspace       used 51506K, capacity 53099K, committed 53504K, reserved 1095680K
  class space    used 6677K, capacity 7300K, committed 7424K, reserved 1048576K
}
Event: 8.516 GC heap before
{Heap before GC invocations=29 (full 0):
 garbage-first heap   total 130048K, used 108391K [0x00000000e0000000, 0x0000000100000000)
  region size 1024K, 47 young (48128K), 1 survivors (1024K)
 Metaspace       used 51534K, capacity 53099K, committed 53504K, reserved 1095680K
  class space    used 6677K, capacity 7300K, committed 7424K, reserved 1048576K
}
Event: 8.517 GC heap after
{Heap after GC invocations=30 (full 0):
 garbage-first heap   total 130048K, used 61281K [0x00000000e0000000, 0x0000000100000000)
  region size 1024K, 1 young (1024K), 1 survivors (1024K)
 Metaspace       used 51534K, capacity 53099K, committed 53504K, reserved 1095680K
  class space    used 6677K, capacity 7300K, committed 7424K, reserved 1048576K
}

